09/07/2022 13:47:47	This log contains information about the import schema operation into project 'database' on computer 'DESKTOP-NJC3OIN' by user 'hmart'.
09/07/2022 13:47:47	Import of database schema has started.
09/07/2022 13:47:51	Gathering database credentials
09/07/2022 13:47:51	Gathering database options
09/07/2022 13:47:51	Gathering generic database scoped configuration option
09/07/2022 13:47:51	Gathering users
09/07/2022 13:47:51	Gathering roles
09/07/2022 13:47:51	Gathering application roles
09/07/2022 13:47:51	Gathering role memberships
09/07/2022 13:47:51	Gathering filegroups
09/07/2022 13:47:51	Gathering full-text catalogs
09/07/2022 13:47:51	Gathering assemblies
09/07/2022 13:47:51	Gathering certificates
09/07/2022 13:47:51	Gathering asymmetric keys
09/07/2022 13:47:51	Gathering symmetric keys
09/07/2022 13:47:51	Gathering encrypted symmetric keys
09/07/2022 13:47:51	Gathering schemas
09/07/2022 13:47:51	Gathering XML schema collections
09/07/2022 13:47:51	Gathering user-defined data types
09/07/2022 13:47:51	Gathering user-defined types
09/07/2022 13:47:51	Gathering table types
09/07/2022 13:47:51	Gathering unique keys for table types
09/07/2022 13:47:51	Gathering primary keys for table types
09/07/2022 13:47:51	Gathering indexes for table types
09/07/2022 13:47:52	Gathering check constraints for table types
09/07/2022 13:47:52	Gathering default constraints for table types
09/07/2022 13:47:52	Gathering partition functions
09/07/2022 13:47:52	Gathering partition schemes
09/07/2022 13:47:52	Gathering functions
09/07/2022 13:47:52	Gathering encrypted functions
09/07/2022 13:47:52	Gathering aggregates
09/07/2022 13:47:52	Gathering procedures
09/07/2022 13:47:52	Gathering encrypted procedures
09/07/2022 13:47:52	Gathering tables
09/07/2022 13:47:52	Gathering primary keys
09/07/2022 13:47:52	Gathering unique constraints
09/07/2022 13:47:52	Gathering foreign keys
09/07/2022 13:47:52	Gathering default constraints
09/07/2022 13:47:52	Gathering check constraints
09/07/2022 13:47:52	Gathering views
09/07/2022 13:47:52	Gathering encrypted views
09/07/2022 13:47:52	Gathering indexes
09/07/2022 13:47:52	Gathering statistics
09/07/2022 13:47:52	Gathering full-text index stoplists
09/07/2022 13:47:52	Gathering search property lists
09/07/2022 13:47:52	Gathering search properties
09/07/2022 13:47:52	Gathering full-text indexes
09/07/2022 13:47:52	Gathering column store indexes
09/07/2022 13:47:52	Gathering spatial indexes
09/07/2022 13:47:52	Gathering XML indexes
09/07/2022 13:47:52	Gathering Selective XML indexes
09/07/2022 13:47:52	Gathering encrypted triggers
09/07/2022 13:47:52	Gathering triggers
09/07/2022 13:47:52	Gathering encrypted and clr ddl triggers
09/07/2022 13:47:52	Gathering ddl triggers
09/07/2022 13:47:52	Creating edge constraints
09/07/2022 13:47:52	Gathering synonyms
09/07/2022 13:47:52	Gathering defaults
09/07/2022 13:47:52	Gathering data constraint uddt bindings
09/07/2022 13:47:52	Gathering rules
09/07/2022 13:47:52	Gathering data constraint uddt bindings
09/07/2022 13:47:52	Gathering message types
09/07/2022 13:47:52	Gathering queues
09/07/2022 13:47:52	Gathering contracts
09/07/2022 13:47:52	Gathering services
09/07/2022 13:47:52	Gathering event notifications
09/07/2022 13:47:52	Gathering remote service bindings
09/07/2022 13:47:52	Gathering broker priorities
09/07/2022 13:47:52	Gathering signatures
09/07/2022 13:47:52	Gathering data compression options
09/07/2022 13:47:52	Gathering sequence types
09/07/2022 13:47:52	Gathering security policies
09/07/2022 13:47:52	Gather column encryption keys
09/07/2022 13:47:52	Gathering column master keys
09/07/2022 13:47:52	Gathering external data sources
09/07/2022 13:47:52	Gathering external file formats
09/07/2022 13:47:52	Gathering external tables
09/07/2022 13:47:52	Gathering extended properties
09/07/2022 13:47:53	Gathering assemblies
09/07/2022 13:47:53	Gathering credentials
09/07/2022 13:47:53	Gathering logins
09/07/2022 13:47:53	Gathering server audits
09/07/2022 13:47:53	Scanning project for duplicate elements
09/07/2022 13:47:53	Finished duplicate element processing
09/07/2022 13:47:53	Finished importing database.
09/07/2022 13:47:53	A summary of the import was saved to the following location: C:\Development\billboard_charts_db\billboard_100\database\Import Schema Logs\database_20220709114747.log
09/07/2022 13:47:53	Click Finish to continue...
